对于`pgsql`，也可以使用`explain`查看其执行计划，但其显示出的结果与`MySQL`不同：

```sql
explain select * from user_basic;
```

执行上方语句，出来下面的一行结果：

```bash
Seq Scan on user_basic  (cost=0.00..10.10 rows=10 width=5217)
```

| 信息类型           | 具体解释                                        |
| ------------------ | ----------------------------------------------- |
| `Seq Scan`         | 表示执行顺序扫描（`Sequential Scan`）。         |
| `cost=0.00..10.10` | 表示执行该查询的成本估算范围从`0.00`到`10.10`。 |
| `rows=10`          | 表示查询的结果集中预计包含`10`行。              |
| `width=5217`       | 表示结果集的每一行的宽度为`5217`个单位。        |

如果我们使用索引，例如主键索引：

```sql
explain select * from user_basic where id = 2;
```

会出现两行结果：

```bash
Index Scan using user_basic_pkey on user_basic  (cost=0.14..8.15 rows=1 width=5217)
  Index Cond: (id = 2)
```

| 信息类型               | 具体解释                                                     |
| ---------------------- | ------------------------------------------------------------ |
| `Index Scan`           | 表示执行了索引扫描。                                         |
| `user_basic_pkey`      | 表示使用了名为`user_basic_pkey`的主键索引。                  |
| `cost=0.14..8.15`      | 表示执行该查询的成本估算范围从`0.14`到`8.15`，成本值越低，查询速率越快。 |
| `rows=1`               | 表示查询的结果集中预计包含`1`行，这是由于使用了主键，所以只能匹配一行。 |
| `width=5217`           | 表示结果集的每一行的宽度为`5217`个单位。                     |
| `Index Cond: (id = 2)` | 表示使用了索引条件，其中`(id = 2)`表示对主键为`2`的行进行检索。 |

我们可以了解两个额外的参数：`ANALYZE、VERBOSE`：

- `ANALYZE`：执行命令并显示实际的运行时间和其他统计信息。

- `VERBOSE`：显示关于计划的额外信息。

它们可以组合使用，例如下面这种：

```sql
explain (ANALYZE, VERBOSE) select * from user_basic where id = 2;
```

会出现下面这些结果：

```bash
Index Scan using user_basic_pkey on public.user_basic  (cost=0.14..8.15 rows=1 width=5217) (actual time=1.207..1.210 rows=1 loops=1)
  Output: id, created_at, updated_at, deleted_at, name, password, phone, email, identity, client_ip, client_port, login_time, heartbeat_time, login_out_time, is_logout, device_info, salt, avatar
  Index Cond: (user_basic.id = 2)
Planning Time: 0.121 ms
Execution Time: 1.238 ms
```

展示的内容更多更全面了，有助于我们更好地分析，建议使用这两个额外的参数进行组合。

> **注意：**使用`ANALYZE`关键字时，它会实际执行一遍`SQL`语句，以显示执行的行数、执行时间等详细的性能信息。与`EXPLAIN`命令不同，后者不会真正执行`SQL`语句，只展示执行计划。